0 info it worked if it ends with ok
1 verbose cli [ '/usr/local/bin/node', '/usr/local/bin/npm', 'run', 'server' ]
2 info using npm@3.10.10
3 info using node@v7.3.0
4 verbose run-script [ 'preserver', 'server', 'postserver' ]
5 info lifecycle Sigfig_FE_RPT@1.0.0~preserver: Sigfig_FE_RPT@1.0.0
6 silly lifecycle Sigfig_FE_RPT@1.0.0~preserver: no script for preserver, continuing
7 info lifecycle Sigfig_FE_RPT@1.0.0~server: Sigfig_FE_RPT@1.0.0
8 verbose lifecycle Sigfig_FE_RPT@1.0.0~server: unsafe-perm in lifecycle true
9 verbose lifecycle Sigfig_FE_RPT@1.0.0~server: PATH: /usr/local/lib/node_modules/npm/bin/node-gyp-bin:/Users/djay-mbpr/dev/rpt/node_modules/.bin:/usr/local/bin:/usr/bin:/bin:/usr/sbin:/sbin:~/dev/ngts/ngts_dev_tools/bin:~/bin
10 verbose lifecycle Sigfig_FE_RPT@1.0.0~server: CWD: /Users/djay-mbpr/dev/rpt
11 silly lifecycle Sigfig_FE_RPT@1.0.0~server: Args: [ '-c',
11 silly lifecycle   'mongod --dbpath data/db &; cd server && node server.js' ]
12 silly lifecycle Sigfig_FE_RPT@1.0.0~server: Returned: code: 2  signal: null
13 info lifecycle Sigfig_FE_RPT@1.0.0~server: Failed to exec server script
14 verbose stack Error: Sigfig_FE_RPT@1.0.0 server: `mongod --dbpath data/db &; cd server && node server.js`
14 verbose stack Exit status 2
14 verbose stack     at EventEmitter.<anonymous> (/usr/local/lib/node_modules/npm/lib/utils/lifecycle.js:255:16)
14 verbose stack     at emitTwo (events.js:106:13)
14 verbose stack     at EventEmitter.emit (events.js:191:7)
14 verbose stack     at ChildProcess.<anonymous> (/usr/local/lib/node_modules/npm/lib/utils/spawn.js:40:14)
14 verbose stack     at emitTwo (events.js:106:13)
14 verbose stack     at ChildProcess.emit (events.js:191:7)
14 verbose stack     at maybeClose (internal/child_process.js:885:16)
14 verbose stack     at Process.ChildProcess._handle.onexit (internal/child_process.js:226:5)
15 verbose pkgid Sigfig_FE_RPT@1.0.0
16 verbose cwd /Users/djay-mbpr/dev/rpt/server
17 error Darwin 16.4.0
18 error argv "/usr/local/bin/node" "/usr/local/bin/npm" "run" "server"
19 error node v7.3.0
20 error npm  v3.10.10
21 error code ELIFECYCLE
22 error Sigfig_FE_RPT@1.0.0 server: `mongod --dbpath data/db &; cd server && node server.js`
22 error Exit status 2
23 error Failed at the Sigfig_FE_RPT@1.0.0 server script 'mongod --dbpath data/db &; cd server && node server.js'.
23 error Make sure you have the latest version of node.js and npm installed.
23 error If you do, this is most likely a problem with the Sigfig_FE_RPT package,
23 error not with npm itself.
23 error Tell the author that this fails on your system:
23 error     mongod --dbpath data/db &; cd server && node server.js
23 error You can get information on how to open an issue for this project with:
23 error     npm bugs Sigfig_FE_RPT
23 error Or if that isn't available, you can get their info via:
23 error     npm owner ls Sigfig_FE_RPT
23 error There is likely additional logging output above.
24 verbose exit [ 1, true ]
